{"uid":"1d3315e3ca37a2f9","name":"Validar login na aplicação","historyId":"724306df08457d12d1eecd995e2834d3","time":{"start":1715204519641,"stop":1715204520028,"duration":387},"description":"","status":"failed","statusMessage":"Multiple Failures (2 failures)\n\torg.openqa.selenium.SessionNotCreatedException: Could not start a new session. Possible causes are invalid address of the remote server or browser start-up failure. \nHost info: host: 'fv-az1198-760', ip: '10.1.0.199'\n\tjava.lang.NullPointerException: Cannot invoke \"io.appium.java_client.android.AndroidDriver.getScreenshotAs(org.openqa.selenium.OutputType)\" because \"curso.etech.configuration.Hooks.driver\" is null","statusTrace":"org.opentest4j.MultipleFailuresError: Multiple Failures (2 failures)\n\torg.openqa.selenium.SessionNotCreatedException: Could not start a new session. Possible causes are invalid address of the remote server or browser start-up failure. \nHost info: host: 'fv-az1198-760', ip: '10.1.0.199'\n\tjava.lang.NullPointerException: Cannot invoke \"io.appium.java_client.android.AndroidDriver.getScreenshotAs(org.openqa.selenium.OutputType)\" because \"curso.etech.configuration.Hooks.driver\" is null\n\tat org.junit.vintage.engine.execution.TestRun.getStoredResultOrSuccessful(TestRun.java:200)\n\tat org.junit.vintage.engine.execution.RunListenerAdapter.fireExecutionFinished(RunListenerAdapter.java:248)\n\tat org.junit.vintage.engine.execution.RunListenerAdapter.testFinished(RunListenerAdapter.java:214)\n\tat org.junit.vintage.engine.execution.RunListenerAdapter.testFinished(RunListenerAdapter.java:88)\n\tat org.junit.runner.notification.SynchronizedRunListener.testFinished(SynchronizedRunListener.java:87)\n\tat org.junit.runner.notification.RunNotifier$9.notifyListener(RunNotifier.java:225)\n\tat org.junit.runner.notification.RunNotifier$SafeNotifier.run(RunNotifier.java:72)\n\tat org.junit.runner.notification.RunNotifier.fireTestFinished(RunNotifier.java:222)\n\tat io.cucumber.junit.FeatureRunner.runChild(FeatureRunner.java:150)\n\tat io.cucumber.junit.FeatureRunner.runChild(FeatureRunner.java:28)\n\tat org.junit.runners.ParentRunner$4.run(ParentRunner.java:331)\n\tat org.junit.runners.ParentRunner$1.schedule(ParentRunner.java:79)\n\tat org.junit.runners.ParentRunner.runChildren(ParentRunner.java:329)\n\tat org.junit.runners.ParentRunner.access$100(ParentRunner.java:66)\n\tat org.junit.runners.ParentRunner$2.evaluate(ParentRunner.java:293)\n\tat org.junit.runners.ParentRunner$3.evaluate(ParentRunner.java:306)\n\tat org.junit.runners.ParentRunner.run(ParentRunner.java:413)\n\tat io.cucumber.junit.FeatureRunner.run(FeatureRunner.java:137)\n\tat io.cucumber.junit.Cucumber.runChild(Cucumber.java:196)\n\tat io.cucumber.junit.Cucumber.runChild(Cucumber.java:89)\n\tat org.junit.runners.ParentRunner$4.run(ParentRunner.java:331)\n\tat org.junit.runners.ParentRunner$1.schedule(ParentRunner.java:79)\n\tat org.junit.runners.ParentRunner.runChildren(ParentRunner.java:329)\n\tat org.junit.runners.ParentRunner.access$100(ParentRunner.java:66)\n\tat org.junit.runners.ParentRunner$2.evaluate(ParentRunner.java:293)\n\tat io.cucumber.core.runtime.CucumberExecutionContext.lambda$runFeatures$6(CucumberExecutionContext.java:148)\n\tat io.cucumber.core.runtime.CucumberExecutionContext.execute(CucumberExecutionContext.java:163)\n\tat io.cucumber.core.runtime.CucumberExecutionContext.runFeatures(CucumberExecutionContext.java:146)\n\tat io.cucumber.junit.Cucumber$StartAndFinishTestRun.evaluate(Cucumber.java:226)\n\tat org.junit.runners.ParentRunner$3.evaluate(ParentRunner.java:306)\n\tat org.junit.runners.ParentRunner.run(ParentRunner.java:413)\n\tat org.junit.runner.JUnitCore.run(JUnitCore.java:137)\n\tat org.junit.runner.JUnitCore.run(JUnitCore.java:115)\n\tat org.junit.vintage.engine.execution.RunnerExecutor.execute(RunnerExecutor.java:42)\n\tat org.junit.vintage.engine.VintageTestEngine.executeAllChildren(VintageTestEngine.java:80)\n\tat org.junit.vintage.engine.VintageTestEngine.execute(VintageTestEngine.java:72)\n\tat org.junit.platform.launcher.core.EngineExecutionOrchestrator.execute(EngineExecutionOrchestrator.java:147)\n\tat org.junit.platform.launcher.core.EngineExecutionOrchestrator.execute(EngineExecutionOrchestrator.java:127)\n\tat org.junit.platform.launcher.core.EngineExecutionOrchestrator.execute(EngineExecutionOrchestrator.java:90)\n\tat org.junit.platform.launcher.core.EngineExecutionOrchestrator.lambda$execute$0(EngineExecutionOrchestrator.java:55)\n\tat org.junit.platform.launcher.core.EngineExecutionOrchestrator.withInterceptedStreams(EngineExecutionOrchestrator.java:102)\n\tat org.junit.platform.launcher.core.EngineExecutionOrchestrator.execute(EngineExecutionOrchestrator.java:54)\n\tat org.junit.platform.launcher.core.DefaultLauncher.execute(DefaultLauncher.java:114)\n\tat org.junit.platform.launcher.core.DefaultLauncher.execute(DefaultLauncher.java:86)\n\tat org.junit.platform.launcher.core.DefaultLauncherSession$DelegatingLauncher.execute(DefaultLauncherSession.java:86)\n\tat org.apache.maven.surefire.junitplatform.LazyLauncher.execute(LazyLauncher.java:56)\n\tat org.apache.maven.surefire.junitplatform.JUnitPlatformProvider.execute(JUnitPlatformProvider.java:184)\n\tat org.apache.maven.surefire.junitplatform.JUnitPlatformProvider.invokeAllTests(JUnitPlatformProvider.java:148)\n\tat org.apache.maven.surefire.junitplatform.JUnitPlatformProvider.invoke(JUnitPlatformProvider.java:122)\n\tat org.apache.maven.surefire.booter.ForkedBooter.runSuitesInProcess(ForkedBooter.java:385)\n\tat org.apache.maven.surefire.booter.ForkedBooter.execute(ForkedBooter.java:162)\n\tat org.apache.maven.surefire.booter.ForkedBooter.run(ForkedBooter.java:507)\n\tat org.apache.maven.surefire.booter.ForkedBooter.main(ForkedBooter.java:495)\n\tSuppressed: org.openqa.selenium.SessionNotCreatedException: Could not start a new session. Possible causes are invalid address of the remote server or browser start-up failure. \nHost info: host: 'fv-az1198-760', ip: '10.1.0.199'\n\t\tat org.openqa.selenium.remote.RemoteWebDriver.execute(RemoteWebDriver.java:536)\n\t\tat io.appium.java_client.AppiumDriver.startSession(AppiumDriver.java:268)\n\t\tat org.openqa.selenium.remote.RemoteWebDriver.<init>(RemoteWebDriver.java:161)\n\t\tat io.appium.java_client.AppiumDriver.<init>(AppiumDriver.java:90)\n\t\tat io.appium.java_client.AppiumDriver.<init>(AppiumDriver.java:102)\n\t\tat io.appium.java_client.android.AndroidDriver.<init>(AndroidDriver.java:109)\n\t\tat curso.etech.enums.AppEnum$2.getDriver(AppEnum.java:40)\n\t\tat curso.etech.common.BaseTest.inicializarDriver(BaseTest.java:17)\n\t\tat curso.etech.configuration.Hooks.before(Hooks.java:16)\n\tCaused by: org.openqa.selenium.WebDriverException: java.lang.NoSuchMethodException: org.openqa.selenium.remote.ProtocolHandshake.createSession(org.openqa.selenium.remote.http.HttpHandler,java.util.function.Supplier,long)\nBuild info: version: '4.20.0', revision: '866c76ca80'\nSystem info: os.name: 'Linux', os.arch: 'amd64', os.version: '6.5.0-1018-azure', java.version: '18.0.2.1'\nDriver info: driver.version: AndroidDriver\n\t\tat io.appium.java_client.remote.AppiumProtocolHandshake.createSession(AppiumProtocolHandshake.java:137)\n\t\tat io.appium.java_client.remote.AppiumProtocolHandshake.createSession(AppiumProtocolHandshake.java:102)\n\t\tat io.appium.java_client.remote.AppiumCommandExecutor.createSession(AppiumCommandExecutor.java:177)\n\t\tat io.appium.java_client.remote.AppiumCommandExecutor.execute(AppiumCommandExecutor.java:238)\n\t\tat org.openqa.selenium.remote.RemoteWebDriver.execute(RemoteWebDriver.java:518)\n\t\tat io.appium.java_client.AppiumDriver.startSession(AppiumDriver.java:268)\n\t\tat org.openqa.selenium.remote.RemoteWebDriver.<init>(RemoteWebDriver.java:161)\n\t\tat io.appium.java_client.AppiumDriver.<init>(AppiumDriver.java:90)\n\t\tat io.appium.java_client.AppiumDriver.<init>(AppiumDriver.java:102)\n\t\tat io.appium.java_client.android.AndroidDriver.<init>(AndroidDriver.java:109)\n\t\tat curso.etech.enums.AppEnum$2.getDriver(AppEnum.java:40)\n\t\tat curso.etech.common.BaseTest.inicializarDriver(BaseTest.java:17)\n\t\tat curso.etech.configuration.Hooks.before(Hooks.java:16)\n\t\tat java.base/jdk.internal.reflect.DirectMethodHandleAccessor.invoke(DirectMethodHandleAccessor.java:104)\n\t\tat java.base/java.lang.reflect.Method.invoke(Method.java:577)\n\t\tat io.cucumber.java.Invoker.doInvoke(Invoker.java:66)\n\t\tat io.cucumber.java.Invoker.invoke(Invoker.java:24)\n\t\tat io.cucumber.java.AbstractGlueDefinition.invokeMethod(AbstractGlueDefinition.java:47)\n\t\tat io.cucumber.java.JavaHookDefinition.execute(JavaHookDefinition.java:64)\n\t\tat io.cucumber.core.runner.CoreHookDefinition.execute(CoreHookDefinition.java:46)\n\t\tat io.cucumber.core.runner.HookDefinitionMatch.runStep(HookDefinitionMatch.java:21)\n\t\tat io.cucumber.core.runner.ExecutionMode$1.execute(ExecutionMode.java:10)\n\t\tat io.cucumber.core.runner.TestStep.executeStep(TestStep.java:84)\n\t\tat io.cucumber.core.runner.TestStep.run(TestStep.java:56)\n\t\tat io.cucumber.core.runner.TestCase.run(TestCase.java:78)\n\t\tat io.cucumber.core.runner.Runner.runPickle(Runner.java:75)\n\t\tat io.cucumber.junit.PickleRunners$NoStepDescriptions.lambda$run$0(PickleRunners.java:151)\n\t\tat io.cucumber.core.runtime.CucumberExecutionContext.lambda$runTestCase$5(CucumberExecutionContext.java:137)\n\t\tat io.cucumber.core.runtime.RethrowingThrowableCollector.executeAndThrow(RethrowingThrowableCollector.java:23)\n\t\tat io.cucumber.core.runtime.CucumberExecutionContext.runTestCase(CucumberExecutionContext.java:137)\n\t\tat io.cucumber.junit.PickleRunners$NoStepDescriptions.run(PickleRunners.java:148)\n\t\tat io.cucumber.junit.FeatureRunner.runChild(FeatureRunner.java:144)\n\t\tat io.cucumber.junit.FeatureRunner.runChild(FeatureRunner.java:28)\n\t\tat org.junit.runners.ParentRunner$4.run(ParentRunner.java:331)\n\t\tat org.junit.runners.ParentRunner$1.schedule(ParentRunner.java:79)\n\t\tat org.junit.runners.ParentRunner.runChildren(ParentRunner.java:329)\n\t\tat org.junit.runners.ParentRunner.access$100(ParentRunner.java:66)\n\t\tat org.junit.runners.ParentRunner$2.evaluate(ParentRunner.java:293)\n\t\tat org.junit.runners.ParentRunner$3.evaluate(ParentRunner.java:306)\n\t\tat org.junit.runners.ParentRunner.run(ParentRunner.java:413)\n\t\tat io.cucumber.junit.FeatureRunner.run(FeatureRunner.java:137)\n\t\tat io.cucumber.junit.Cucumber.runChild(Cucumber.java:196)\n\t\tat io.cucumber.junit.Cucumber.runChild(Cucumber.java:89)\n\t\tat org.junit.runners.ParentRunner$4.run(ParentRunner.java:331)\n\t\tat org.junit.runners.ParentRunner$1.schedule(ParentRunner.java:79)\n\t\tat org.junit.runners.ParentRunner.runChildren(ParentRunner.java:329)\n\t\tat org.junit.runners.ParentRunner.access$100(ParentRunner.java:66)\n\t\tat org.junit.runners.ParentRunner$2.evaluate(ParentRunner.java:293)\n\t\tat io.cucumber.core.runtime.CucumberExecutionContext.lambda$runFeatures$6(CucumberExecutionContext.java:148)\n\t\tat io.cucumber.core.runtime.CucumberExecutionContext.execute(CucumberExecutionContext.java:163)\n\t\tat io.cucumber.core.runtime.CucumberExecutionContext.runFeatures(CucumberExecutionContext.java:146)\n\t\tat io.cucumber.junit.Cucumber$StartAndFinishTestRun.evaluate(Cucumber.java:226)\n\t\tat org.junit.runners.ParentRunner$3.evaluate(ParentRunner.java:306)\n\t\tat org.junit.runners.ParentRunner.run(ParentRunner.java:413)\n\t\tat org.junit.runner.JUnitCore.run(JUnitCore.java:137)\n\t\tat org.junit.runner.JUnitCore.run(JUnitCore.java:115)\n\t\tat org.junit.vintage.engine.execution.RunnerExecutor.execute(RunnerExecutor.java:42)\n\t\tat org.junit.vintage.engine.VintageTestEngine.executeAllChildren(VintageTestEngine.java:80)\n\t\tat org.junit.vintage.engine.VintageTestEngine.execute(VintageTestEngine.java:72)\n\t\tat org.junit.platform.launcher.core.EngineExecutionOrchestrator.execute(EngineExecutionOrchestrator.java:147)\n\t\tat org.junit.platform.launcher.core.EngineExecutionOrchestrator.execute(EngineExecutionOrchestrator.java:127)\n\t\tat org.junit.platform.launcher.core.EngineExecutionOrchestrator.execute(EngineExecutionOrchestrator.java:90)\n\t\tat org.junit.platform.launcher.core.EngineExecutionOrchestrator.lambda$execute$0(EngineExecutionOrchestrator.java:55)\n\t\tat org.junit.platform.launcher.core.EngineExecutionOrchestrator.withInterceptedStreams(EngineExecutionOrchestrator.java:102)\n\t\tat org.junit.platform.launcher.core.EngineExecutionOrchestrator.execute(EngineExecutionOrchestrator.java:54)\n\t\tat org.junit.platform.launcher.core.DefaultLauncher.execute(DefaultLauncher.java:114)\n\t\tat org.junit.platform.launcher.core.DefaultLauncher.execute(DefaultLauncher.java:86)\n\t\tat org.junit.platform.launcher.core.DefaultLauncherSession$DelegatingLauncher.execute(DefaultLauncherSession.java:86)\n\t\tat org.apache.maven.surefire.junitplatform.LazyLauncher.execute(LazyLauncher.java:56)\n\t\tat org.apache.maven.surefire.junitplatform.JUnitPlatformProvider.execute(JUnitPlatformProvider.java:184)\n\t\tat org.apache.maven.surefire.junitplatform.JUnitPlatformProvider.invokeAllTests(JUnitPlatformProvider.java:148)\n\t\tat org.apache.maven.surefire.junitplatform.JUnitPlatformProvider.invoke(JUnitPlatformProvider.java:122)\n\t\tat org.apache.maven.surefire.booter.ForkedBooter.runSuitesInProcess(ForkedBooter.java:385)\n\t\tat org.apache.maven.surefire.booter.ForkedBooter.execute(ForkedBooter.java:162)\n\t\tat org.apache.maven.surefire.booter.ForkedBooter.run(ForkedBooter.java:507)\n\t\tat org.apache.maven.surefire.booter.ForkedBooter.main(ForkedBooter.java:495)\n\tCaused by: java.lang.NoSuchMethodException: org.openqa.selenium.remote.ProtocolHandshake.createSession(org.openqa.selenium.remote.http.HttpHandler,java.util.function.Supplier,long)\n\t\tat java.base/java.lang.Class.getDeclaredMethod(Class.java:2707)\n\t\tat io.appium.java_client.remote.AppiumProtocolHandshake.createSession(AppiumProtocolHandshake.java:128)\n\t\t... 75 more\n\tSuppressed: java.lang.NullPointerException: Cannot invoke \"io.appium.java_client.android.AndroidDriver.getScreenshotAs(org.openqa.selenium.OutputType)\" because \"curso.etech.configuration.Hooks.driver\" is null\n\t\tat curso.etech.configuration.Hooks.after(Hooks.java:22)\n","flaky":false,"newFailed":true,"newBroken":false,"newPassed":false,"retriesCount":0,"retriesStatusChange":false,"beforeStages":[],"afterStages":[],"labels":[{"name":"junit.platform.uniqueid","value":"[engine:junit-vintage]/[runner:runTest.RunTest]/[test:rO0ABXNyAClpby5jdWN1bWJlci5qdW5pdC5GZWF0dXJlUnVubmVyJEZlYXR1cmVJZAAAAAAAAAABAgABTAADdXJpdAAOTGphdmEvbmV0L1VSSTt4cHNyAAxqYXZhLm5ldC5VUkmsAXguQ55JqwMAAUwABnN0cmluZ3QAEkxqYXZhL2xhbmcvU3RyaW5nO3hwdABkZmlsZTovLy9ob21lL3J1bm5lci93b3JrL2V0ZWNoLWUyZS1tb2JpbGUvZXRlY2gtZTJlLW1vYmlsZS9zcmMvdGVzdC9yZXNvdXJjZXMvZmVhdHVyZXMvbG9naW4uZmVhdHVyZXg=]/[test:rO0ABXNyAChpby5jdWN1bWJlci5qdW5pdC5QaWNrbGVSdW5uZXJzJFBpY2tsZUlkAAAAAAAAAAECAAJJAApwaWNrbGVMaW5lTAADdXJpdAAOTGphdmEvbmV0L1VSSTt4cAAAAAxzcgAMamF2YS5uZXQuVVJJrAF4LkOeSasDAAFMAAZzdHJpbmd0ABJMamF2YS9sYW5nL1N0cmluZzt4cHQAZGZpbGU6Ly8vaG9tZS9ydW5uZXIvd29yay9ldGVjaC1lMmUtbW9iaWxlL2V0ZWNoLWUyZS1tb2JpbGUvc3JjL3Rlc3QvcmVzb3VyY2VzL2ZlYXR1cmVzL2xvZ2luLmZlYXR1cmV4]"},{"name":"host","value":"fv-az1198-760"},{"name":"thread","value":"2526@fv-az1198-760.main(1)"},{"name":"framework","value":"junit-platform"},{"name":"language","value":"java"},{"name":"resultFormat","value":"allure2"}],"parameters":[],"links":[],"hidden":false,"retry":false,"extra":{"severity":"normal","retries":[],"categories":[{"name":"Product defects","matchedStatuses":[],"flaky":false}],"history":{"statistic":{"failed":1,"broken":0,"skipped":0,"passed":2,"unknown":0,"total":3},"items":[{"uid":"8faf1a8e53c7564b","reportUrl":"https://EtechCursos.github.io/etech-e2e-mobile/5//#testresult/8faf1a8e53c7564b","status":"passed","time":{"start":1709152769763,"stop":1709152797963,"duration":28200}},{"uid":"be59f4fa6570340c","reportUrl":"https://EtechCursos.github.io/etech-e2e-mobile/8//#testresult/be59f4fa6570340c","status":"passed","time":{"start":1709152609621,"stop":1709152644028,"duration":34407}}]},"tags":[]},"source":"1d3315e3ca37a2f9.json","parameterValues":[]}